<?xml version="1.0" encoding="UTF-8"?>
<coverage generated="1770327448001" clover="3.2.0">
  <project timestamp="1770327448002" name="All files">
    <metrics statements="6" coveredstatements="6" conditionals="4" coveredconditionals="3" methods="1" coveredmethods="1" elements="11" coveredelements="10" complexity="0" loc="6" ncloc="6" packages="1" files="1" classes="1"/>
    <file name="script.js" path="D:\Users\Lucio\Documentos\Alura - DevOps\Logica de programação - parte 2\Wordle\script.js">
      <metrics statements="6" coveredstatements="6" conditionals="4" coveredconditionals="3" methods="1" coveredmethods="1"/>
      <line num="2" count="1" type="stmt"/>
      <line num="20" count="12" type="stmt"/>
      <line num="21" count="12" type="stmt"/>
      <line num="22" count="12" type="stmt"/>
      <line num="26" count="1" type="cond" truecount="3" falsecount="1"/>
      <line num="27" count="1" type="stmt"/>
    </file>
  </project>
</coverage>
