{"D:\\Users\\Lucio\\Documentos\\Alura - DevOps\\Logica de programação - parte 2\\Wordle\\script.js": {"path":"D:\\Users\\Lucio\\Documentos\\Alura - DevOps\\Logica de programação - parte 2\\Wordle\\script.js","statementMap":{"0":{"start":{"line":2,"column":18},"end":{"line":13,"column":1}},"1":{"start":{"line":20,"column":13},"end":{"line":20,"column":29}},"2":{"start":{"line":21,"column":13},"end":{"line":21,"column":44}},"3":{"start":{"line":22,"column":1},"end":{"line":22,"column":23}},"4":{"start":{"line":26,"column":0},"end":{"line":28,"column":1}},"5":{"start":{"line":27,"column":1},"end":{"line":27,"column":48}}},"fnMap":{"0":{"name":"pickRandomWord","decl":{"start":{"line":19,"column":9},"end":{"line":19,"column":23}},"loc":{"start":{"line":19,"column":26},"end":{"line":23,"column":1}},"line":19}},"branchMap":{"0":{"loc":{"start":{"line":26,"column":0},"end":{"line":28,"column":1}},"type":"if","locations":[{"start":{"line":26,"column":0},"end":{"line":28,"column":1}},{"start":{},"end":{}}],"line":26},"1":{"loc":{"start":{"line":26,"column":4},"end":{"line":26,"column":51}},"type":"binary-expr","locations":[{"start":{"line":26,"column":4},"end":{"line":26,"column":33}},{"start":{"line":26,"column":37},"end":{"line":26,"column":51}}],"line":26}},"s":{"0":1,"1":12,"2":12,"3":12,"4":1,"5":1},"f":{"0":12},"b":{"0":[1,0],"1":[1,1]},"_coverageSchema":"1a1c01bbd47fc00a2c39e90264f33305004495a9","hash":"dea5122f30ed9e96b82a698709df698c42f2c6ab"}
}
